<?xml version="1.0" encoding="UTF-8"?>
<!-- Generated by org.testng.reporters.JUnitXMLReporter -->
<testsuite ignored="4" hostname="Jitendra-Desale" failures="4" tests="4" name="SmokeTests" time="0.051" errors="0" timestamp="2026-05-29T15:46:28 IST">
  <testcase classname="testsPackage.LoginTestCases" name="emptyFields" time="0.009">
    <failure type="java.lang.NullPointerException" message="Cannot invoke &amp;quot;org.openqa.selenium.WebDriver.findElement(org.openqa.selenium.By)&amp;quot; because &amp;quot;this.driver&amp;quot; is null">
      <![CDATA[java.lang.NullPointerException: Cannot invoke "org.openqa.selenium.WebDriver.findElement(org.openqa.selenium.By)" because "this.driver" is null
at testsPackage.LoginTestCases.login(LoginTestCases.java:61)
at testsPackage.LoginTestCases.emptyFields(LoginTestCases.java:147)
at java.base/java.util.ArrayList.forEach(ArrayList.java:1511)
... Removed 27 stack frames]]>
    </failure>
  </testcase> <!-- emptyFields -->
  <testcase classname="testsPackage.LoginTestCases" name="invalidPassword" time="0.001">
    <failure type="java.lang.NullPointerException" message="Cannot invoke &amp;quot;org.openqa.selenium.WebDriver.findElement(org.openqa.selenium.By)&amp;quot; because &amp;quot;this.driver&amp;quot; is null">
      <![CDATA[java.lang.NullPointerException: Cannot invoke "org.openqa.selenium.WebDriver.findElement(org.openqa.selenium.By)" because "this.driver" is null
at testsPackage.LoginTestCases.login(LoginTestCases.java:61)
at testsPackage.LoginTestCases.invalidPassword(LoginTestCases.java:108)
at java.base/java.util.ArrayList.forEach(ArrayList.java:1511)
... Removed 27 stack frames]]>
    </failure>
  </testcase> <!-- invalidPassword -->
  <testcase classname="testsPackage.LoginTestCases" name="invalidUsername" time="0.001">
    <failure type="java.lang.NullPointerException" message="Cannot invoke &amp;quot;org.openqa.selenium.WebDriver.findElement(org.openqa.selenium.By)&amp;quot; because &amp;quot;this.driver&amp;quot; is null">
      <![CDATA[java.lang.NullPointerException: Cannot invoke "org.openqa.selenium.WebDriver.findElement(org.openqa.selenium.By)" because "this.driver" is null
at testsPackage.LoginTestCases.login(LoginTestCases.java:61)
at testsPackage.LoginTestCases.invalidUsername(LoginTestCases.java:128)
at java.base/java.util.ArrayList.forEach(ArrayList.java:1511)
... Removed 27 stack frames]]>
    </failure>
  </testcase> <!-- invalidUsername -->
  <testcase classname="testsPackage.LoginTestCases" name="validLogin" time="0.001">
    <failure type="java.lang.NullPointerException" message="Cannot invoke &amp;quot;org.openqa.selenium.WebDriver.findElement(org.openqa.selenium.By)&amp;quot; because &amp;quot;this.driver&amp;quot; is null">
      <![CDATA[java.lang.NullPointerException: Cannot invoke "org.openqa.selenium.WebDriver.findElement(org.openqa.selenium.By)" because "this.driver" is null
at testsPackage.LoginTestCases.login(LoginTestCases.java:61)
at testsPackage.LoginTestCases.validLogin(LoginTestCases.java:86)
at java.base/java.util.ArrayList.forEach(ArrayList.java:1511)
... Removed 27 stack frames]]>
    </failure>
  </testcase> <!-- validLogin -->
  <testcase classname="testsPackage.LoginTestCases" name="onlyPassword" time="0.0">
    <ignored/>
  </testcase> <!-- onlyPassword -->
  <testcase classname="testsPackage.LoginTestCases" name="invalidPasswordOnly" time="0.0">
    <ignored/>
  </testcase> <!-- invalidPasswordOnly -->
  <testcase classname="testsPackage.LoginTestCases" name="invalidUsernameAndPassword" time="0.0">
    <ignored/>
  </testcase> <!-- invalidUsernameAndPassword -->
  <testcase classname="testsPackage.LoginTestCases" name="onlyUsername" time="0.0">
    <ignored/>
  </testcase> <!-- onlyUsername -->
</testsuite> <!-- SmokeTests -->
