<?xml version="1.0" encoding="UTF-8"?>
<!-- Generated by org.testng.reporters.JUnitXMLReporter -->
<testsuite ignored="0" hostname="Jitendra-Desale" failures="0" tests="3" name="Default test" time="10.537" errors="0" timestamp="2026-06-01T17:10:22 IST">
  <testcase classname="testsPackage.LoginTest" name="loginTest" time="3.857"/>
  <testcase classname="testsPackage.LoginTest" name="loginTest" time="2.413"/>
  <testcase classname="testsPackage.LoginTest" name="loginTest" time="4.228"/>
</testsuite> <!-- Default test -->
