<?xml version="1.0" encoding="UTF-8"?>
<!-- Generated by org.testng.reporters.JUnitReportReporter -->
<testsuite hostname="Jitendra-Desale" failures="0" tests="8" name="testsPackage.LoginTestCases" time="644.460" errors="0" timestamp="2026-06-01T11:15:59 IST" skipped="0">
  <testcase classname="testsPackage.LoginTestCases" name="onlyUsername" time="81.149"/>
  <testcase classname="testsPackage.LoginTestCases" name="validLogin" time="81.851"/>
  <testcase classname="testsPackage.LoginTestCases" name="onlyPassword" time="81.555"/>
  <testcase classname="testsPackage.LoginTestCases" name="invalidPassword" time="79.898"/>
  <testcase classname="testsPackage.LoginTestCases" name="invalidUsername" time="79.971"/>
  <testcase classname="testsPackage.LoginTestCases" name="emptyFields" time="79.959"/>
  <testcase classname="testsPackage.LoginTestCases" name="invalidUsernameAndPassword" time="80.058"/>
  <testcase classname="testsPackage.LoginTestCases" name="invalidPasswordOnly" time="80.019"/>
</testsuite> <!-- testsPackage.LoginTestCases -->
