<?xml version="1.0" encoding="UTF-8"?>
<!-- Generated by org.testng.reporters.JUnitReportReporter -->
<testsuite hostname="Jitendra-Desale" failures="0" tests="3" name="testsPackage.LoginTest" time="10.498" errors="0" timestamp="2026-06-01T17:10:22 IST" skipped="0">
  <testcase classname="testsPackage.LoginTest" name="loginTest" time="2.413"/>
  <testcase classname="testsPackage.LoginTest" name="loginTest" time="4.228"/>
  <testcase classname="testsPackage.LoginTest" name="loginTest" time="3.857"/>
</testsuite> <!-- testsPackage.LoginTest -->
