<?xml version="1.0" encoding="UTF-8"?>
<!-- Generated by org.testng.reporters.JUnitXMLReporter -->
<testsuite ignored="0" hostname="Jitendra-Desale" failures="0" tests="8" name="ChromeTest" time="45.776" errors="0" timestamp="2026-05-29T13:22:21 IST">
  <testcase classname="testsPackage.LoginTestCases" name="emptyFields" time="3.5"/>
  <testcase classname="testsPackage.LoginTestCases" name="invalidPassword" time="3.668"/>
  <testcase classname="testsPackage.LoginTestCases" name="invalidUsername" time="4.121"/>
  <testcase classname="testsPackage.LoginTestCases" name="validLogin" time="4.264"/>
  <testcase classname="testsPackage.LoginTestCases" name="onlyUsername" time="3.408"/>
  <testcase classname="testsPackage.LoginTestCases" name="onlyPassword" time="3.416"/>
  <testcase classname="testsPackage.LoginTestCases" name="invalidUsernameAndPassword" time="3.471"/>
  <testcase classname="testsPackage.LoginTestCases" name="invalidPasswordOnly" time="3.486"/>
</testsuite> <!-- ChromeTest -->
